0 silly argv {
0 silly argv   _: [ 'create' ],
0 silly argv   lernaVersion: '4.0.0',
0 silly argv   '$0': 'C:\\Users\\admin\\AppData\\Roaming\\npm\\node_modules\\lerna\\cli.js',
0 silly argv   name: 'plugin-a-util',
0 silly argv   loc: 'packages/utils/plugin-a-util'
0 silly argv }
1 notice cli v4.0.0
2 verbose rootPath D:\libs
3 info versioning independent
4 error Error: canceled
4 error     at Interface.<anonymous> (C:\Users\admin\AppData\Roaming\npm\node_modules\lerna\node_modules\_read@1.0.7@read\lib\read.js:66:13)
4 error     at Interface.emit (events.js:376:20)
4 error     at Interface._ttyWrite (readline.js:880:16)
4 error     at ReadStream.onkeypress (readline.js:213:10)
4 error     at ReadStream.emit (events.js:376:20)
4 error     at emitKeys (internal/readline/utils.js:345:14)
4 error     at emitKeys.next (<anonymous>)
4 error     at ReadStream.onData (readline.js:1149:36)
4 error     at ReadStream.emit (events.js:376:20)
